\BOOKMARK [1][-]{section.1}{Introduction}{}% 1
\BOOKMARK [2][-]{subsection.1.1}{Problem Statement}{section.1}% 2
\BOOKMARK [2][-]{subsection.1.2}{Research Questions and Contributions}{section.1}% 3
\BOOKMARK [1][-]{section.2}{Background}{}% 4
\BOOKMARK [2][-]{subsection.2.1}{Dependently Typed Programming \046 Agda}{section.2}% 5
\BOOKMARK [3][-]{subsubsection.2.1.1}{Dependent Type Theory}{subsection.2.1}% 6
\BOOKMARK [3][-]{subsubsection.2.1.2}{Codata and Sized Types}{subsection.2.1}% 7
\BOOKMARK [2][-]{subsection.2.2}{Property Based Testing}{section.2}% 8
\BOOKMARK [3][-]{subsubsection.2.2.1}{Existing Libraries}{subsection.2.2}% 9
\BOOKMARK [3][-]{subsubsection.2.2.2}{Generating Test Data}{subsection.2.2}% 10
\BOOKMARK [2][-]{subsection.2.3}{Generic Programming \046 Type Universes}{section.2}% 11
\BOOKMARK [3][-]{subsubsection.2.3.1}{Regular Datatypes}{subsection.2.3}% 12
\BOOKMARK [3][-]{subsubsection.2.3.2}{Ornaments}{subsection.2.3}% 13
\BOOKMARK [3][-]{subsubsection.2.3.3}{Functorial Species}{subsection.2.3}% 14
\BOOKMARK [3][-]{subsubsection.2.3.4}{Indexed Functors}{subsection.2.3}% 15
\BOOKMARK [2][-]{subsection.2.4}{Blockchain Semantics}{section.2}% 16
\BOOKMARK [3][-]{subsubsection.2.4.1}{BitML}{subsection.2.4}% 17
\BOOKMARK [3][-]{subsubsection.2.4.2}{UTXO \046 Extended UTXO}{subsection.2.4}% 18
\BOOKMARK [1][-]{section.3}{Preliminary results}{}% 19
\BOOKMARK [2][-]{subsection.3.1}{Enumeration of Agda Types}{section.3}% 20
\BOOKMARK [3][-]{subsubsection.3.1.1}{Basic Combinators}{subsection.3.1}% 21
\BOOKMARK [3][-]{subsubsection.3.1.2}{Indexed Types}{subsection.3.1}% 22
\BOOKMARK [3][-]{subsubsection.3.1.3}{Guarantueeing Termination}{subsection.3.1}% 23
\BOOKMARK [3][-]{subsubsection.3.1.4}{Deriving Enumeration for Regular Types}{subsection.3.1}% 24
\BOOKMARK [2][-]{subsection.3.2}{Proving Correctness of Generators}{section.3}% 25
\BOOKMARK [2][-]{subsection.3.3}{Generalization to Generic Enumeration of Indexed Types}{section.3}% 26
\BOOKMARK [1][-]{section.4}{Timetable and planning}{}% 27
